<?xml version="1.0" encoding="UTF-8"?>
<coverage generated="1698438064806" clover="3.2.0">
  <project timestamp="1698438064806" name="All files">
    <metrics statements="120" coveredstatements="98" conditionals="31" coveredconditionals="20" methods="42" coveredmethods="27" elements="193" coveredelements="145" complexity="0" loc="120" ncloc="120" packages="3" files="5" classes="5"/>
    <package name="context">
      <metrics statements="6" coveredstatements="2" conditionals="0" coveredconditionals="0" methods="1" coveredmethods="0"/>
      <file name="userContext.js" path="/Users/quangnguyen/Library/Mobile Documents/com~apple~CloudDocs/Rice Fall 2023/COMP 431/frontend_draft/hw5-QuangNg14/src/context/userContext.js">
        <metrics statements="6" coveredstatements="2" conditionals="0" coveredconditionals="0" methods="1" coveredmethods="0"/>
        <line num="4" count="1" type="stmt"/>
        <line num="7" count="1" type="stmt"/>
        <line num="8" count="0" type="stmt"/>
        <line num="9" count="0" type="stmt"/>
        <line num="10" count="0" type="stmt"/>
        <line num="11" count="0" type="stmt"/>
      </file>
    </package>
    <package name="main">
      <metrics statements="102" coveredstatements="85" conditionals="23" coveredconditionals="16" methods="36" coveredmethods="23"/>
      <file name="main.js" path="/Users/quangnguyen/Library/Mobile Documents/com~apple~CloudDocs/Rice Fall 2023/COMP 431/frontend_draft/hw5-QuangNg14/src/main/main.js">
        <metrics statements="69" coveredstatements="56" conditionals="19" coveredconditionals="12" methods="23" coveredmethods="14"/>
        <line num="9" count="1" type="stmt"/>
        <line num="30" count="1" type="stmt"/>
        <line num="31" count="16" type="stmt"/>
        <line num="32" count="15" type="stmt"/>
        <line num="33" count="15" type="stmt"/>
        <line num="34" count="15" type="stmt"/>
        <line num="35" count="15" type="stmt"/>
        <line num="36" count="15" type="stmt"/>
        <line num="37" count="15" type="stmt"/>
        <line num="38" count="15" type="cond" truecount="1" falsecount="1"/>
        <line num="46" count="15" type="stmt"/>
        <line num="48" count="15" type="stmt"/>
        <line num="49" count="4" type="stmt"/>
        <line num="50" count="4" type="cond" truecount="1" falsecount="1"/>
        <line num="51" count="4" type="stmt"/>
        <line num="55" count="15" type="stmt"/>
        <line num="57" count="4" type="stmt"/>
        <line num="60" count="4" type="stmt"/>
        <line num="61" count="4" type="stmt"/>
        <line num="63" count="4" type="stmt"/>
        <line num="66" count="15" type="stmt"/>
        <line num="67" count="6" type="stmt"/>
        <line num="68" count="6" type="stmt"/>
        <line num="69" count="6" type="stmt"/>
        <line num="72" count="6" type="stmt"/>
        <line num="73" count="6" type="stmt"/>
        <line num="74" count="6" type="cond" truecount="1" falsecount="1"/>
        <line num="76" count="6" type="cond" truecount="1" falsecount="1"/>
        <line num="78" count="6" type="cond" truecount="1" falsecount="1"/>
        <line num="79" count="6" type="stmt"/>
        <line num="80" count="2" type="stmt"/>
        <line num="83" count="6" type="stmt"/>
        <line num="84" count="44" type="stmt"/>
        <line num="87" count="0" type="stmt"/>
        <line num="90" count="6" type="stmt"/>
        <line num="93" count="15" type="stmt"/>
        <line num="94" count="0" type="stmt"/>
        <line num="101" count="0" type="stmt"/>
        <line num="102" count="0" type="stmt"/>
        <line num="105" count="15" type="stmt"/>
        <line num="106" count="1" type="stmt"/>
        <line num="109" count="15" type="stmt"/>
        <line num="110" count="0" type="stmt"/>
        <line num="113" count="15" type="stmt"/>
        <line num="114" count="2" type="stmt"/>
        <line num="115" count="2" type="cond" truecount="1" falsecount="1"/>
        <line num="118" count="0" type="stmt"/>
        <line num="120" count="2" type="stmt"/>
        <line num="121" count="2" type="stmt"/>
        <line num="124" count="2" type="stmt"/>
        <line num="125" count="2" type="stmt"/>
        <line num="126" count="2" type="stmt"/>
        <line num="127" count="2" type="stmt"/>
        <line num="129" count="0" type="stmt"/>
        <line num="134" count="15" type="stmt"/>
        <line num="135" count="0" type="stmt"/>
        <line num="138" count="15" type="stmt"/>
        <line num="139" count="0" type="stmt"/>
        <line num="140" count="0" type="stmt"/>
        <line num="141" count="0" type="stmt"/>
        <line num="144" count="15" type="stmt"/>
        <line num="159" count="2" type="stmt"/>
        <line num="180" count="0" type="stmt"/>
        <line num="194" count="0" type="stmt"/>
        <line num="210" count="26" type="stmt"/>
        <line num="213" count="26" type="stmt"/>
        <line num="216" count="26" type="stmt"/>
        <line num="220" count="26" type="stmt"/>
        <line num="226" count="25" type="stmt"/>
      </file>
      <file name="post.js" path="/Users/quangnguyen/Library/Mobile Documents/com~apple~CloudDocs/Rice Fall 2023/COMP 431/frontend_draft/hw5-QuangNg14/src/main/post.js">
        <metrics statements="23" coveredstatements="23" conditionals="2" coveredconditionals="2" methods="8" coveredmethods="7"/>
        <line num="5" count="41" type="stmt"/>
        <line num="6" count="40" type="stmt"/>
        <line num="7" count="40" type="stmt"/>
        <line num="8" count="40" type="stmt"/>
        <line num="10" count="40" type="stmt"/>
        <line num="11" count="2" type="stmt"/>
        <line num="14" count="40" type="stmt"/>
        <line num="15" count="2" type="stmt"/>
        <line num="18" count="40" type="stmt"/>
        <line num="19" count="2" type="stmt"/>
        <line num="22" count="40" type="stmt"/>
        <line num="23" count="3" type="stmt"/>
        <line num="26" count="40" type="stmt"/>
        <line num="28" count="1" type="stmt"/>
        <line num="31" count="40" type="stmt"/>
        <line num="32" count="1" type="stmt"/>
        <line num="33" count="1" type="stmt"/>
        <line num="34" count="1" type="stmt"/>
        <line num="35" count="1" type="stmt"/>
        <line num="38" count="40" type="stmt"/>
        <line num="42" count="40" type="cond" truecount="2" falsecount="0"/>
        <line num="43" count="9" type="stmt"/>
        <line num="54" count="31" type="stmt"/>
      </file>
      <file name="user.js" path="/Users/quangnguyen/Library/Mobile Documents/com~apple~CloudDocs/Rice Fall 2023/COMP 431/frontend_draft/hw5-QuangNg14/src/main/user.js">
        <metrics statements="10" coveredstatements="6" conditionals="2" coveredconditionals="2" methods="5" coveredmethods="2"/>
        <line num="5" count="19" type="stmt"/>
        <line num="6" count="19" type="stmt"/>
        <line num="7" count="19" type="stmt"/>
        <line num="9" count="19" type="stmt"/>
        <line num="10" count="0" type="stmt"/>
        <line num="11" count="0" type="stmt"/>
        <line num="14" count="19" type="stmt"/>
        <line num="30" count="0" type="stmt"/>
        <line num="40" count="4" type="stmt"/>
        <line num="50" count="0" type="stmt"/>
      </file>
    </package>
    <package name="profile">
      <metrics statements="12" coveredstatements="11" conditionals="8" coveredconditionals="4" methods="5" coveredmethods="4"/>
      <file name="profile.js" path="/Users/quangnguyen/Library/Mobile Documents/com~apple~CloudDocs/Rice Fall 2023/COMP 431/frontend_draft/hw5-QuangNg14/src/profile/profile.js">
        <metrics statements="12" coveredstatements="11" conditionals="8" coveredconditionals="4" methods="5" coveredmethods="4"/>
        <line num="5" count="7" type="stmt"/>
        <line num="6" count="7" type="stmt"/>
        <line num="13" count="7" type="stmt"/>
        <line num="21" count="7" type="stmt"/>
        <line num="22" count="4" type="stmt"/>
        <line num="23" count="4" type="stmt"/>
        <line num="26" count="7" type="stmt"/>
        <line num="27" count="1" type="stmt"/>
        <line num="33" count="1" type="stmt"/>
        <line num="36" count="7" type="stmt"/>
        <line num="37" count="0" type="stmt"/>
        <line num="40" count="7" type="stmt"/>
      </file>
    </package>
  </project>
</coverage>
