{"/Users/quangnguyen/Library/Mobile Documents/com~apple~CloudDocs/Rice Fall 2023/COMP 431/frontend_draft/hw5-QuangNg14/src/context/userContext.js": {"path":"/Users/quangnguyen/Library/Mobile Documents/com~apple~CloudDocs/Rice Fall 2023/COMP 431/frontend_draft/hw5-QuangNg14/src/context/userContext.js","statementMap":{"0":{"start":{"line":4,"column":27},"end":{"line":4,"column":42}},"1":{"start":{"line":7,"column":28},"end":{"line":25,"column":1}},"2":{"start":{"line":8,"column":26},"end":{"line":8,"column":40}},"3":{"start":{"line":9,"column":48},"end":{"line":9,"column":60}},"4":{"start":{"line":10,"column":38},"end":{"line":10,"column":60}},"5":{"start":{"line":11,"column":2},"end":{"line":24,"column":4}}},"fnMap":{"0":{"name":"(anonymous_0)","decl":{"start":{"line":7,"column":28},"end":{"line":7,"column":29}},"loc":{"start":{"line":7,"column":46},"end":{"line":25,"column":1}},"line":7}},"branchMap":{},"s":{"0":1,"1":1,"2":0,"3":0,"4":0,"5":0},"f":{"0":0},"b":{},"_coverageSchema":"1a1c01bbd47fc00a2c39e90264f33305004495a9","hash":"8154f8134f977643ae8c2ca888eb13528aa48cf6"}
,"/Users/quangnguyen/Library/Mobile Documents/com~apple~CloudDocs/Rice Fall 2023/COMP 431/frontend_draft/hw5-QuangNg14/src/main/main.js": {"path":"/Users/quangnguyen/Library/Mobile Documents/com~apple~CloudDocs/Rice Fall 2023/COMP 431/frontend_draft/hw5-QuangNg14/src/main/main.js","statementMap":{"0":{"start":{"line":9,"column":15},"end":{"line":28,"column":1}},"1":{"start":{"line":30,"column":13},"end":{"line":238,"column":1}},"2":{"start":{"line":31,"column":34},"end":{"line":31,"column":46}},"3":{"start":{"line":32,"column":52},"end":{"line":32,"column":64}},"4":{"start":{"line":33,"column":48},"end":{"line":33,"column":62}},"5":{"start":{"line":34,"column":38},"end":{"line":34,"column":50}},"6":{"start":{"line":35,"column":44},"end":{"line":35,"column":56}},"7":{"start":{"line":36,"column":34},"end":{"line":36,"column":48}},"8":{"start":{"line":37,"column":36},"end":{"line":37,"column":48}},"9":{"start":{"line":38,"column":19},"end":{"line":38,"column":79}},"10":{"start":{"line":46,"column":6},"end":{"line":46,"column":29}},"11":{"start":{"line":48,"column":2},"end":{"line":53,"column":16}},"12":{"start":{"line":49,"column":33},"end":{"line":49,"column":66}},"13":{"start":{"line":50,"column":4},"end":{"line":52,"column":5}},"14":{"start":{"line":51,"column":6},"end":{"line":51,"column":48}},"15":{"start":{"line":55,"column":2},"end":{"line":64,"column":26}},"16":{"start":{"line":57,"column":27},"end":{"line":59,"column":7}},"17":{"start":{"line":60,"column":19},"end":{"line":60,"column":49}},"18":{"start":{"line":61,"column":6},"end":{"line":61,"column":20}},"19":{"start":{"line":63,"column":4},"end":{"line":63,"column":16}},"20":{"start":{"line":66,"column":2},"end":{"line":91,"column":28}},"21":{"start":{"line":67,"column":23},"end":{"line":89,"column":5}},"22":{"start":{"line":68,"column":6},"end":{"line":88,"column":7}},"23":{"start":{"line":69,"column":25},"end":{"line":71,"column":9}},"24":{"start":{"line":72,"column":21},"end":{"line":72,"column":43}},"25":{"start":{"line":73,"column":21},"end":{"line":73,"column":66}},"26":{"start":{"line":74,"column":23},"end":{"line":74,"column":44}},"27":{"start":{"line":76,"column":32},"end":{"line":76,"column":54}},"28":{"start":{"line":78,"column":8},"end":{"line":82,"column":9}},"29":{"start":{"line":79,"column":10},"end":{"line":81,"column":13}},"30":{"start":{"line":80,"column":12},"end":{"line":80,"column":50}},"31":{"start":{"line":83,"column":8},"end":{"line":85,"column":10}},"32":{"start":{"line":84,"column":32},"end":{"line":84,"column":69}},"33":{"start":{"line":87,"column":8},"end":{"line":87,"column":70}},"34":{"start":{"line":90,"column":4},"end":{"line":90,"column":17}},"35":{"start":{"line":93,"column":28},"end":{"line":103,"column":3}},"36":{"start":{"line":94,"column":23},"end":{"line":100,"column":5}},"37":{"start":{"line":101,"column":4},"end":{"line":101,"column":47}},"38":{"start":{"line":102,"column":4},"end":{"line":102,"column":29}},"39":{"start":{"line":105,"column":23},"end":{"line":107,"column":3}},"40":{"start":{"line":106,"column":4},"end":{"line":106,"column":34}},"41":{"start":{"line":109,"column":27},"end":{"line":111,"column":3}},"42":{"start":{"line":110,"column":4},"end":{"line":110,"column":67}},"43":{"start":{"line":113,"column":23},"end":{"line":132,"column":3}},"44":{"start":{"line":114,"column":4},"end":{"line":114,"column":27}},"45":{"start":{"line":115,"column":4},"end":{"line":131,"column":5}},"46":{"start":{"line":118,"column":36},"end":{"line":118,"column":57}},"47":{"start":{"line":120,"column":6},"end":{"line":130,"column":7}},"48":{"start":{"line":121,"column":25},"end":{"line":123,"column":9}},"49":{"start":{"line":124,"column":24},"end":{"line":124,"column":46}},"50":{"start":{"line":125,"column":8},"end":{"line":125,"column":51}},"51":{"start":{"line":126,"column":8},"end":{"line":126,"column":65}},"52":{"start":{"line":126,"column":40},"end":{"line":126,"column":63}},"53":{"start":{"line":127,"column":8},"end":{"line":127,"column":25}},"54":{"start":{"line":129,"column":8},"end":{"line":129,"column":70}},"55":{"start":{"line":134,"column":25},"end":{"line":136,"column":3}},"56":{"start":{"line":135,"column":4},"end":{"line":135,"column":80}},"57":{"start":{"line":135,"column":36},"end":{"line":135,"column":78}},"58":{"start":{"line":135,"column":63},"end":{"line":135,"column":77}},"59":{"start":{"line":138,"column":23},"end":{"line":142,"column":3}},"60":{"start":{"line":139,"column":4},"end":{"line":139,"column":31}},"61":{"start":{"line":140,"column":4},"end":{"line":140,"column":52}},"62":{"start":{"line":141,"column":4},"end":{"line":141,"column":41}},"63":{"start":{"line":144,"column":2},"end":{"line":237,"column":4}},"64":{"start":{"line":159,"column":29},"end":{"line":159,"column":57}},"65":{"start":{"line":180,"column":29},"end":{"line":180,"column":65}},"66":{"start":{"line":194,"column":52},"end":{"line":194,"column":76}},"67":{"start":{"line":210,"column":43},"end":{"line":212,"column":36}},"68":{"start":{"line":213,"column":38},"end":{"line":215,"column":36}},"69":{"start":{"line":216,"column":37},"end":{"line":218,"column":36}},"70":{"start":{"line":220,"column":14},"end":{"line":223,"column":16}},"71":{"start":{"line":226,"column":14},"end":{"line":232,"column":16}}},"fnMap":{"0":{"name":"(anonymous_0)","decl":{"start":{"line":30,"column":13},"end":{"line":30,"column":14}},"loc":{"start":{"line":30,"column":19},"end":{"line":238,"column":1}},"line":30},"1":{"name":"(anonymous_1)","decl":{"start":{"line":48,"column":12},"end":{"line":48,"column":13}},"loc":{"start":{"line":48,"column":18},"end":{"line":53,"column":3}},"line":48},"2":{"name":"(anonymous_2)","decl":{"start":{"line":55,"column":12},"end":{"line":55,"column":13}},"loc":{"start":{"line":55,"column":18},"end":{"line":64,"column":3}},"line":55},"3":{"name":"fetchUser","decl":{"start":{"line":56,"column":19},"end":{"line":56,"column":28}},"loc":{"start":{"line":56,"column":31},"end":{"line":62,"column":5}},"line":56},"4":{"name":"(anonymous_4)","decl":{"start":{"line":66,"column":12},"end":{"line":66,"column":13}},"loc":{"start":{"line":66,"column":18},"end":{"line":91,"column":3}},"line":66},"5":{"name":"(anonymous_5)","decl":{"start":{"line":67,"column":23},"end":{"line":67,"column":24}},"loc":{"start":{"line":67,"column":35},"end":{"line":89,"column":5}},"line":67},"6":{"name":"(anonymous_6)","decl":{"start":{"line":79,"column":32},"end":{"line":79,"column":33}},"loc":{"start":{"line":79,"column":50},"end":{"line":81,"column":11}},"line":79},"7":{"name":"(anonymous_7)","decl":{"start":{"line":84,"column":22},"end":{"line":84,"column":23}},"loc":{"start":{"line":84,"column":32},"end":{"line":84,"column":69}},"line":84},"8":{"name":"(anonymous_8)","decl":{"start":{"line":93,"column":28},"end":{"line":93,"column":29}},"loc":{"start":{"line":93,"column":34},"end":{"line":103,"column":3}},"line":93},"9":{"name":"(anonymous_9)","decl":{"start":{"line":105,"column":23},"end":{"line":105,"column":24}},"loc":{"start":{"line":105,"column":30},"end":{"line":107,"column":3}},"line":105},"10":{"name":"(anonymous_10)","decl":{"start":{"line":109,"column":27},"end":{"line":109,"column":28}},"loc":{"start":{"line":109,"column":38},"end":{"line":111,"column":3}},"line":109},"11":{"name":"(anonymous_11)","decl":{"start":{"line":113,"column":23},"end":{"line":113,"column":24}},"loc":{"start":{"line":113,"column":35},"end":{"line":132,"column":3}},"line":113},"12":{"name":"(anonymous_12)","decl":{"start":{"line":118,"column":26},"end":{"line":118,"column":27}},"loc":{"start":{"line":118,"column":36},"end":{"line":118,"column":57}},"line":118},"13":{"name":"(anonymous_13)","decl":{"start":{"line":126,"column":25},"end":{"line":126,"column":26}},"loc":{"start":{"line":126,"column":40},"end":{"line":126,"column":63}},"line":126},"14":{"name":"(anonymous_14)","decl":{"start":{"line":134,"column":25},"end":{"line":134,"column":26}},"loc":{"start":{"line":134,"column":33},"end":{"line":136,"column":3}},"line":134},"15":{"name":"(anonymous_15)","decl":{"start":{"line":135,"column":21},"end":{"line":135,"column":22}},"loc":{"start":{"line":135,"column":36},"end":{"line":135,"column":78}},"line":135},"16":{"name":"(anonymous_16)","decl":{"start":{"line":135,"column":53},"end":{"line":135,"column":54}},"loc":{"start":{"line":135,"column":63},"end":{"line":135,"column":77}},"line":135},"17":{"name":"(anonymous_17)","decl":{"start":{"line":138,"column":23},"end":{"line":138,"column":24}},"loc":{"start":{"line":138,"column":29},"end":{"line":142,"column":3}},"line":138},"18":{"name":"(anonymous_18)","decl":{"start":{"line":159,"column":22},"end":{"line":159,"column":23}},"loc":{"start":{"line":159,"column":29},"end":{"line":159,"column":57}},"line":159},"19":{"name":"(anonymous_19)","decl":{"start":{"line":180,"column":22},"end":{"line":180,"column":23}},"loc":{"start":{"line":180,"column":29},"end":{"line":180,"column":65}},"line":180},"20":{"name":"(anonymous_20)","decl":{"start":{"line":194,"column":46},"end":{"line":194,"column":47}},"loc":{"start":{"line":194,"column":52},"end":{"line":194,"column":76}},"line":194},"21":{"name":"(anonymous_21)","decl":{"start":{"line":209,"column":20},"end":{"line":209,"column":21}},"loc":{"start":{"line":209,"column":33},"end":{"line":224,"column":13}},"line":209},"22":{"name":"(anonymous_22)","decl":{"start":{"line":225,"column":17},"end":{"line":225,"column":18}},"loc":{"start":{"line":226,"column":14},"end":{"line":232,"column":16}},"line":226}},"branchMap":{"0":{"loc":{"start":{"line":38,"column":19},"end":{"line":38,"column":79}},"type":"binary-expr","locations":[{"start":{"line":38,"column":19},"end":{"line":38,"column":73}},{"start":{"line":38,"column":77},"end":{"line":38,"column":79}}],"line":38},"1":{"loc":{"start":{"line":50,"column":4},"end":{"line":52,"column":5}},"type":"if","locations":[{"start":{"line":50,"column":4},"end":{"line":52,"column":5}},{"start":{},"end":{}}],"line":50},"2":{"loc":{"start":{"line":74,"column":23},"end":{"line":74,"column":44}},"type":"cond-expr","locations":[{"start":{"line":74,"column":30},"end":{"line":74,"column":37}},{"start":{"line":74,"column":40},"end":{"line":74,"column":44}}],"line":74},"3":{"loc":{"start":{"line":76,"column":32},"end":{"line":76,"column":54}},"type":"cond-expr","locations":[{"start":{"line":76,"column":41},"end":{"line":76,"column":49}},{"start":{"line":76,"column":52},"end":{"line":76,"column":54}}],"line":76},"4":{"loc":{"start":{"line":78,"column":8},"end":{"line":82,"column":9}},"type":"if","locations":[{"start":{"line":78,"column":8},"end":{"line":82,"column":9}},{"start":{},"end":{}}],"line":78},"5":{"loc":{"start":{"line":115,"column":4},"end":{"line":131,"column":5}},"type":"if","locations":[{"start":{"line":115,"column":4},"end":{"line":131,"column":5}},{"start":{},"end":{}}],"line":115},"6":{"loc":{"start":{"line":116,"column":6},"end":{"line":118,"column":58}},"type":"binary-expr","locations":[{"start":{"line":116,"column":6},"end":{"line":116,"column":20}},{"start":{"line":117,"column":6},"end":{"line":117,"column":21}},{"start":{"line":118,"column":6},"end":{"line":118,"column":58}}],"line":116},"7":{"loc":{"start":{"line":167,"column":9},"end":{"line":173,"column":9}},"type":"binary-expr","locations":[{"start":{"line":167,"column":9},"end":{"line":167,"column":17}},{"start":{"line":168,"column":10},"end":{"line":172,"column":16}}],"line":167},"8":{"loc":{"start":{"line":221,"column":16},"end":{"line":222,"column":61}},"type":"binary-expr","locations":[{"start":{"line":221,"column":16},"end":{"line":221,"column":62}},{"start":{"line":222,"column":16},"end":{"line":222,"column":61}}],"line":221}},"s":{"0":1,"1":1,"2":16,"3":15,"4":15,"5":15,"6":15,"7":15,"8":15,"9":15,"10":15,"11":15,"12":4,"13":4,"14":4,"15":15,"16":4,"17":4,"18":4,"19":4,"20":15,"21":6,"22":6,"23":6,"24":6,"25":6,"26":6,"27":6,"28":6,"29":6,"30":2,"31":6,"32":44,"33":0,"34":6,"35":15,"36":0,"37":0,"38":0,"39":15,"40":1,"41":15,"42":0,"43":15,"44":2,"45":2,"46":0,"47":2,"48":2,"49":2,"50":2,"51":2,"52":2,"53":2,"54":0,"55":15,"56":0,"57":0,"58":0,"59":15,"60":0,"61":0,"62":0,"63":15,"64":2,"65":0,"66":0,"67":26,"68":26,"69":26,"70":26,"71":25},"f":{"0":16,"1":4,"2":4,"3":4,"4":6,"5":6,"6":2,"7":44,"8":0,"9":1,"10":0,"11":2,"12":0,"13":2,"14":0,"15":0,"16":0,"17":0,"18":2,"19":0,"20":0,"21":26,"22":25},"b":{"0":[15,0],"1":[4,0],"2":[6,0],"3":[6,0],"4":[6,0],"5":[2,0],"6":[2,2,2],"7":[15,0],"8":[26,1]},"_coverageSchema":"1a1c01bbd47fc00a2c39e90264f33305004495a9","hash":"83aa58c5aada5abd8932925fe949f88f0a519b9a"}
,"/Users/quangnguyen/Library/Mobile Documents/com~apple~CloudDocs/Rice Fall 2023/COMP 431/frontend_draft/hw5-QuangNg14/src/main/post.js": {"path":"/Users/quangnguyen/Library/Mobile Documents/com~apple~CloudDocs/Rice Fall 2023/COMP 431/frontend_draft/hw5-QuangNg14/src/main/post.js","statementMap":{"0":{"start":{"line":5,"column":28},"end":{"line":5,"column":49}},"1":{"start":{"line":6,"column":26},"end":{"line":6,"column":46}},"2":{"start":{"line":7,"column":28},"end":{"line":7,"column":49}},"3":{"start":{"line":8,"column":36},"end":{"line":8,"column":51}},"4":{"start":{"line":10,"column":28},"end":{"line":12,"column":3}},"5":{"start":{"line":11,"column":4},"end":{"line":11,"column":33}},"6":{"start":{"line":14,"column":27},"end":{"line":16,"column":3}},"7":{"start":{"line":15,"column":4},"end":{"line":15,"column":32}},"8":{"start":{"line":18,"column":28},"end":{"line":20,"column":3}},"9":{"start":{"line":19,"column":4},"end":{"line":19,"column":33}},"10":{"start":{"line":22,"column":26},"end":{"line":24,"column":3}},"11":{"start":{"line":23,"column":4},"end":{"line":23,"column":23}},"12":{"start":{"line":26,"column":26},"end":{"line":29,"column":3}},"13":{"start":{"line":28,"column":4},"end":{"line":28,"column":24}},"14":{"start":{"line":31,"column":28},"end":{"line":36,"column":3}},"15":{"start":{"line":32,"column":4},"end":{"line":32,"column":26}},"16":{"start":{"line":33,"column":4},"end":{"line":33,"column":24}},"17":{"start":{"line":34,"column":4},"end":{"line":34,"column":26}},"18":{"start":{"line":35,"column":4},"end":{"line":35,"column":24}},"19":{"start":{"line":38,"column":29},"end":{"line":40,"column":3}},"20":{"start":{"line":42,"column":2},"end":{"line":52,"column":3}},"21":{"start":{"line":43,"column":4},"end":{"line":51,"column":6}},"22":{"start":{"line":54,"column":2},"end":{"line":62,"column":4}}},"fnMap":{"0":{"name":"Post","decl":{"start":{"line":4,"column":9},"end":{"line":4,"column":13}},"loc":{"start":{"line":4,"column":21},"end":{"line":63,"column":1}},"line":4},"1":{"name":"(anonymous_1)","decl":{"start":{"line":10,"column":28},"end":{"line":10,"column":29}},"loc":{"start":{"line":10,"column":39},"end":{"line":12,"column":3}},"line":10},"2":{"name":"(anonymous_2)","decl":{"start":{"line":14,"column":27},"end":{"line":14,"column":28}},"loc":{"start":{"line":14,"column":38},"end":{"line":16,"column":3}},"line":14},"3":{"name":"(anonymous_3)","decl":{"start":{"line":18,"column":28},"end":{"line":18,"column":29}},"loc":{"start":{"line":18,"column":39},"end":{"line":20,"column":3}},"line":18},"4":{"name":"(anonymous_4)","decl":{"start":{"line":22,"column":26},"end":{"line":22,"column":27}},"loc":{"start":{"line":22,"column":32},"end":{"line":24,"column":3}},"line":22},"5":{"name":"(anonymous_5)","decl":{"start":{"line":26,"column":26},"end":{"line":26,"column":27}},"loc":{"start":{"line":26,"column":32},"end":{"line":29,"column":3}},"line":26},"6":{"name":"(anonymous_6)","decl":{"start":{"line":31,"column":28},"end":{"line":31,"column":29}},"loc":{"start":{"line":31,"column":34},"end":{"line":36,"column":3}},"line":31},"7":{"name":"(anonymous_7)","decl":{"start":{"line":38,"column":29},"end":{"line":38,"column":30}},"loc":{"start":{"line":38,"column":35},"end":{"line":40,"column":3}},"line":38}},"branchMap":{"0":{"loc":{"start":{"line":42,"column":2},"end":{"line":52,"column":3}},"type":"if","locations":[{"start":{"line":42,"column":2},"end":{"line":52,"column":3}},{"start":{},"end":{}}],"line":42}},"s":{"0":41,"1":40,"2":40,"3":40,"4":40,"5":2,"6":40,"7":2,"8":40,"9":2,"10":40,"11":3,"12":40,"13":1,"14":40,"15":1,"16":1,"17":1,"18":1,"19":40,"20":40,"21":9,"22":31},"f":{"0":41,"1":2,"2":2,"3":2,"4":3,"5":1,"6":1,"7":0},"b":{"0":[9,31]},"_coverageSchema":"1a1c01bbd47fc00a2c39e90264f33305004495a9","hash":"95dce66b3d259173f2d70c6f3a106692cbe6c6cb"}
,"/Users/quangnguyen/Library/Mobile Documents/com~apple~CloudDocs/Rice Fall 2023/COMP 431/frontend_draft/hw5-QuangNg14/src/main/user.js": {"path":"/Users/quangnguyen/Library/Mobile Documents/com~apple~CloudDocs/Rice Fall 2023/COMP 431/frontend_draft/hw5-QuangNg14/src/main/user.js","statementMap":{"0":{"start":{"line":5,"column":62},"end":{"line":5,"column":67}},"1":{"start":{"line":6,"column":46},"end":{"line":6,"column":69}},"2":{"start":{"line":7,"column":38},"end":{"line":7,"column":50}},"3":{"start":{"line":9,"column":29},"end":{"line":12,"column":3}},"4":{"start":{"line":10,"column":4},"end":{"line":10,"column":34}},"5":{"start":{"line":11,"column":4},"end":{"line":11,"column":22}},"6":{"start":{"line":14,"column":2},"end":{"line":58,"column":4}},"7":{"start":{"line":30,"column":29},"end":{"line":30,"column":58}},"8":{"start":{"line":40,"column":12},"end":{"line":54,"column":18}},"9":{"start":{"line":50,"column":31},"end":{"line":50,"column":55}}},"fnMap":{"0":{"name":"UserProfile","decl":{"start":{"line":4,"column":9},"end":{"line":4,"column":20}},"loc":{"start":{"line":4,"column":28},"end":{"line":59,"column":1}},"line":4},"1":{"name":"(anonymous_1)","decl":{"start":{"line":9,"column":29},"end":{"line":9,"column":30}},"loc":{"start":{"line":9,"column":35},"end":{"line":12,"column":3}},"line":9},"2":{"name":"(anonymous_2)","decl":{"start":{"line":30,"column":22},"end":{"line":30,"column":23}},"loc":{"start":{"line":30,"column":29},"end":{"line":30,"column":58}},"line":30},"3":{"name":"(anonymous_3)","decl":{"start":{"line":39,"column":28},"end":{"line":39,"column":29}},"loc":{"start":{"line":40,"column":12},"end":{"line":54,"column":18}},"line":40},"4":{"name":"(anonymous_4)","decl":{"start":{"line":50,"column":25},"end":{"line":50,"column":26}},"loc":{"start":{"line":50,"column":31},"end":{"line":50,"column":55}},"line":50}},"branchMap":{"0":{"loc":{"start":{"line":38,"column":9},"end":{"line":55,"column":12}},"type":"binary-expr","locations":[{"start":{"line":38,"column":9},"end":{"line":38,"column":22}},{"start":{"line":39,"column":10},"end":{"line":55,"column":12}}],"line":38}},"s":{"0":19,"1":19,"2":19,"3":19,"4":0,"5":0,"6":19,"7":0,"8":4,"9":0},"f":{"0":19,"1":0,"2":0,"3":4,"4":0},"b":{"0":[19,15]},"_coverageSchema":"1a1c01bbd47fc00a2c39e90264f33305004495a9","hash":"243604aac4587746e1c52de8bb16c916ab6c4db0"}
,"/Users/quangnguyen/Library/Mobile Documents/com~apple~CloudDocs/Rice Fall 2023/COMP 431/frontend_draft/hw5-QuangNg14/src/profile/profile.js": {"path":"/Users/quangnguyen/Library/Mobile Documents/com~apple~CloudDocs/Rice Fall 2023/COMP 431/frontend_draft/hw5-QuangNg14/src/profile/profile.js","statementMap":{"0":{"start":{"line":5,"column":48},"end":{"line":5,"column":62}},"1":{"start":{"line":6,"column":34},"end":{"line":11,"column":4}},"2":{"start":{"line":13,"column":38},"end":{"line":19,"column":4}},"3":{"start":{"line":21,"column":28},"end":{"line":24,"column":3}},"4":{"start":{"line":22,"column":28},"end":{"line":22,"column":36}},"5":{"start":{"line":23,"column":4},"end":{"line":23,"column":70}},"6":{"start":{"line":23,"column":35},"end":{"line":23,"column":67}},"7":{"start":{"line":26,"column":27},"end":{"line":34,"column":3}},"8":{"start":{"line":27,"column":4},"end":{"line":32,"column":7}},"9":{"start":{"line":33,"column":4},"end":{"line":33,"column":77}},"10":{"start":{"line":36,"column":27},"end":{"line":38,"column":3}},"11":{"start":{"line":37,"column":4},"end":{"line":37,"column":67}},"12":{"start":{"line":40,"column":2},"end":{"line":128,"column":4}}},"fnMap":{"0":{"name":"Profile","decl":{"start":{"line":4,"column":9},"end":{"line":4,"column":16}},"loc":{"start":{"line":4,"column":19},"end":{"line":129,"column":1}},"line":4},"1":{"name":"(anonymous_1)","decl":{"start":{"line":21,"column":28},"end":{"line":21,"column":29}},"loc":{"start":{"line":21,"column":35},"end":{"line":24,"column":3}},"line":21},"2":{"name":"(anonymous_2)","decl":{"start":{"line":23,"column":18},"end":{"line":23,"column":19}},"loc":{"start":{"line":23,"column":35},"end":{"line":23,"column":67}},"line":23},"3":{"name":"(anonymous_3)","decl":{"start":{"line":26,"column":27},"end":{"line":26,"column":28}},"loc":{"start":{"line":26,"column":33},"end":{"line":34,"column":3}},"line":26},"4":{"name":"(anonymous_4)","decl":{"start":{"line":36,"column":27},"end":{"line":36,"column":28}},"loc":{"start":{"line":36,"column":38},"end":{"line":38,"column":3}},"line":36}},"branchMap":{"0":{"loc":{"start":{"line":28,"column":12},"end":{"line":28,"column":44}},"type":"binary-expr","locations":[{"start":{"line":28,"column":12},"end":{"line":28,"column":27}},{"start":{"line":28,"column":31},"end":{"line":28,"column":44}}],"line":28},"1":{"loc":{"start":{"line":29,"column":13},"end":{"line":29,"column":47}},"type":"binary-expr","locations":[{"start":{"line":29,"column":13},"end":{"line":29,"column":29}},{"start":{"line":29,"column":33},"end":{"line":29,"column":47}}],"line":29},"2":{"loc":{"start":{"line":30,"column":13},"end":{"line":30,"column":47}},"type":"binary-expr","locations":[{"start":{"line":30,"column":13},"end":{"line":30,"column":29}},{"start":{"line":30,"column":33},"end":{"line":30,"column":47}}],"line":30},"3":{"loc":{"start":{"line":31,"column":11},"end":{"line":31,"column":41}},"type":"binary-expr","locations":[{"start":{"line":31,"column":11},"end":{"line":31,"column":25}},{"start":{"line":31,"column":29},"end":{"line":31,"column":41}}],"line":31}},"s":{"0":7,"1":7,"2":7,"3":7,"4":4,"5":4,"6":4,"7":7,"8":1,"9":1,"10":7,"11":0,"12":7},"f":{"0":7,"1":4,"2":4,"3":1,"4":0},"b":{"0":[1,0],"1":[1,0],"2":[1,0],"3":[1,0]},"_coverageSchema":"1a1c01bbd47fc00a2c39e90264f33305004495a9","hash":"7048e5c22d22bd7b4394e9d787673bba43913ef8"}
}
