TN:
SF:src/context/userContext.js
FN:7,(anonymous_0)
FNF:1
FNH:0
FNDA:0,(anonymous_0)
DA:4,1
DA:7,1
DA:8,0
DA:9,0
DA:10,0
DA:11,0
LF:6
LH:2
BRF:0
BRH:0
end_of_record
TN:
SF:src/main/main.js
FN:30,(anonymous_0)
FN:48,(anonymous_1)
FN:55,(anonymous_2)
FN:56,fetchUser
FN:66,(anonymous_4)
FN:67,(anonymous_5)
FN:79,(anonymous_6)
FN:84,(anonymous_7)
FN:93,(anonymous_8)
FN:105,(anonymous_9)
FN:109,(anonymous_10)
FN:113,(anonymous_11)
FN:118,(anonymous_12)
FN:126,(anonymous_13)
FN:134,(anonymous_14)
FN:135,(anonymous_15)
FN:135,(anonymous_16)
FN:138,(anonymous_17)
FN:159,(anonymous_18)
FN:180,(anonymous_19)
FN:194,(anonymous_20)
FN:209,(anonymous_21)
FN:225,(anonymous_22)
FNF:23
FNH:14
FNDA:16,(anonymous_0)
FNDA:4,(anonymous_1)
FNDA:4,(anonymous_2)
FNDA:4,fetchUser
FNDA:6,(anonymous_4)
FNDA:6,(anonymous_5)
FNDA:2,(anonymous_6)
FNDA:44,(anonymous_7)
FNDA:0,(anonymous_8)
FNDA:1,(anonymous_9)
FNDA:0,(anonymous_10)
FNDA:2,(anonymous_11)
FNDA:0,(anonymous_12)
FNDA:2,(anonymous_13)
FNDA:0,(anonymous_14)
FNDA:0,(anonymous_15)
FNDA:0,(anonymous_16)
FNDA:0,(anonymous_17)
FNDA:2,(anonymous_18)
FNDA:0,(anonymous_19)
FNDA:0,(anonymous_20)
FNDA:26,(anonymous_21)
FNDA:25,(anonymous_22)
DA:9,1
DA:30,1
DA:31,16
DA:32,15
DA:33,15
DA:34,15
DA:35,15
DA:36,15
DA:37,15
DA:38,15
DA:46,15
DA:48,15
DA:49,4
DA:50,4
DA:51,4
DA:55,15
DA:57,4
DA:60,4
DA:61,4
DA:63,4
DA:66,15
DA:67,6
DA:68,6
DA:69,6
DA:72,6
DA:73,6
DA:74,6
DA:76,6
DA:78,6
DA:79,6
DA:80,2
DA:83,6
DA:84,44
DA:87,0
DA:90,6
DA:93,15
DA:94,0
DA:101,0
DA:102,0
DA:105,15
DA:106,1
DA:109,15
DA:110,0
DA:113,15
DA:114,2
DA:115,2
DA:118,0
DA:120,2
DA:121,2
DA:124,2
DA:125,2
DA:126,2
DA:127,2
DA:129,0
DA:134,15
DA:135,0
DA:138,15
DA:139,0
DA:140,0
DA:141,0
DA:144,15
DA:159,2
DA:180,0
DA:194,0
DA:210,26
DA:213,26
DA:216,26
DA:220,26
DA:226,25
LF:69
LH:56
BRDA:38,0,0,15
BRDA:38,0,1,0
BRDA:50,1,0,4
BRDA:50,1,1,0
BRDA:74,2,0,6
BRDA:74,2,1,0
BRDA:76,3,0,6
BRDA:76,3,1,0
BRDA:78,4,0,6
BRDA:78,4,1,0
BRDA:115,5,0,2
BRDA:115,5,1,0
BRDA:116,6,0,2
BRDA:116,6,1,2
BRDA:116,6,2,2
BRDA:167,7,0,15
BRDA:167,7,1,0
BRDA:221,8,0,26
BRDA:221,8,1,1
BRF:19
BRH:12
end_of_record
TN:
SF:src/main/post.js
FN:4,Post
FN:10,(anonymous_1)
FN:14,(anonymous_2)
FN:18,(anonymous_3)
FN:22,(anonymous_4)
FN:26,(anonymous_5)
FN:31,(anonymous_6)
FN:38,(anonymous_7)
FNF:8
FNH:7
FNDA:41,Post
FNDA:2,(anonymous_1)
FNDA:2,(anonymous_2)
FNDA:2,(anonymous_3)
FNDA:3,(anonymous_4)
FNDA:1,(anonymous_5)
FNDA:1,(anonymous_6)
FNDA:0,(anonymous_7)
DA:5,41
DA:6,40
DA:7,40
DA:8,40
DA:10,40
DA:11,2
DA:14,40
DA:15,2
DA:18,40
DA:19,2
DA:22,40
DA:23,3
DA:26,40
DA:28,1
DA:31,40
DA:32,1
DA:33,1
DA:34,1
DA:35,1
DA:38,40
DA:42,40
DA:43,9
DA:54,31
LF:23
LH:23
BRDA:42,0,0,9
BRDA:42,0,1,31
BRF:2
BRH:2
end_of_record
TN:
SF:src/main/user.js
FN:4,UserProfile
FN:9,(anonymous_1)
FN:30,(anonymous_2)
FN:39,(anonymous_3)
FN:50,(anonymous_4)
FNF:5
FNH:2
FNDA:19,UserProfile
FNDA:0,(anonymous_1)
FNDA:0,(anonymous_2)
FNDA:4,(anonymous_3)
FNDA:0,(anonymous_4)
DA:5,19
DA:6,19
DA:7,19
DA:9,19
DA:10,0
DA:11,0
DA:14,19
DA:30,0
DA:40,4
DA:50,0
LF:10
LH:6
BRDA:38,0,0,19
BRDA:38,0,1,15
BRF:2
BRH:2
end_of_record
TN:
SF:src/profile/profile.js
FN:4,Profile
FN:21,(anonymous_1)
FN:23,(anonymous_2)
FN:26,(anonymous_3)
FN:36,(anonymous_4)
FNF:5
FNH:4
FNDA:7,Profile
FNDA:4,(anonymous_1)
FNDA:4,(anonymous_2)
FNDA:1,(anonymous_3)
FNDA:0,(anonymous_4)
DA:5,7
DA:6,7
DA:13,7
DA:21,7
DA:22,4
DA:23,4
DA:26,7
DA:27,1
DA:33,1
DA:36,7
DA:37,0
DA:40,7
LF:12
LH:11
BRDA:28,0,0,1
BRDA:28,0,1,0
BRDA:29,1,0,1
BRDA:29,1,1,0
BRDA:30,2,0,1
BRDA:30,2,1,0
BRDA:31,3,0,1
BRDA:31,3,1,0
BRF:8
BRH:4
end_of_record
